<?xml version="1.0" encoding="UTF-8"?>
<!-- Generated by org.testng.reporters.JUnitXMLReporter -->
<testsuite ignored="2" hostname="admin" failures="1" tests="5" name="TestEdge" time="16.932" errors="0" timestamp="2024-02-27T15:19:30 IST">
  <testcase classname="com.parallelExecutionTestNG.BaseScript" name="handleException" time="0.001"/>
  <testcase classname="com.parallelExecutionTestNG.createAccountScript" name="createAcc" time="5.173">
    <failure type="org.openqa.selenium.NoSuchElementException" message="Unable to find element with locator By.linkText: Create new account
For documentation on this error, please visit: https://www.selenium.dev/documentation/webdriver/troubleshooting/errors#no-such-element-exception
Build info: version: &amp;apos;4.17.0&amp;apos;, revision: &amp;apos;e52b1be057*&amp;apos;
System info: os.name: &amp;apos;Windows 11&amp;apos;, os.arch: &amp;apos;amd64&amp;apos;, os.version: &amp;apos;10.0&amp;apos;, java.version: &amp;apos;17.0.6&amp;apos;
Driver info: driver.version: RemoteWebDriver">
      <![CDATA[org.openqa.selenium.NoSuchElementException: Unable to find element with locator By.linkText: Create new account
For documentation on this error, please visit: https://www.selenium.dev/documentation/webdriver/troubleshooting/errors#no-such-element-exception
Build info: version: '4.17.0', revision: 'e52b1be057*'
System info: os.name: 'Windows 11', os.arch: 'amd64', os.version: '10.0', java.version: '17.0.6'
Driver info: driver.version: RemoteWebDriver
at org.openqa.selenium.remote.ElementLocation$ElementFinder$2.findElement(ElementLocation.java:168)
at org.openqa.selenium.remote.ElementLocation.findElement(ElementLocation.java:59)
at org.openqa.selenium.remote.RemoteWebDriver.findElement(RemoteWebDriver.java:356)
at org.openqa.selenium.remote.RemoteWebDriver.findElement(RemoteWebDriver.java:350)
at com.parallelExecutionTestNG.createAccountScript.createAcc(createAccountScript.java:9)
at java.base/java.util.ArrayList.forEach(ArrayList.java:1511)
... Removed 27 stack frames]]>
    </failure>
  </testcase> <!-- createAcc -->
  <testcase classname="com.parallelExecutionTestNG.BaseScript" name="handleException" time="0.002"/>
  <testcase classname="com.parallelExecutionTestNG.LoginScript" name="fbLogin" time="0.0">
    <skipped/>
  </testcase> <!-- fbLogin -->
  <testcase classname="com.parallelExecutionTestNG.BaseScript" name="handleException" time="0.0">
    <skipped/>
  </testcase> <!-- handleException -->
  <testcase classname="com.parallelExecutionTestNG.BaseScript" name="@AfterTest testMethodExecution" time="0.0">
    <ignored/>
  </testcase> <!-- @AfterTest testMethodExecution -->
  <testcase classname="com.parallelExecutionTestNG.BaseScript" name="@AfterTest testMethodExecution" time="0.0">
    <ignored/>
  </testcase> <!-- @AfterTest testMethodExecution -->
</testsuite> <!-- TestEdge -->
